<?xml version="1.0" encoding="UTF-8"?>
<!-- Generated by org.testng.reporters.JUnitXMLReporter -->
<testsuite ignored="0" hostname="Admin" failures="0" tests="3" name="Test" time="3.697" errors="0" timestamp="2025-04-02T00:17:33 IST">
  <testcase classname="testengineprogrames.Grpnggoogle" name="title" time="0.036"/>
  <testcase classname="testengineprogrames.Grpnggoogle" name="ttest2" time="0.003"/>
  <testcase classname="testengineprogrames.Grpnggoogle" name="ttest3" time="0.003"/>
</testsuite> <!-- Test -->
